<?xml version="1.0" encoding="UTF-8"?>
<!-- Generated by org.testng.reporters.JUnitReportReporter -->
<testsuite skipped="0" hostname="DESKTOP-U83U5RO" name="assessment2.task1" tests="4" failures="0" timestamp="23 Apr 2020 08:36:49 GMT" time="0.011" errors="0">
  <testcase name="testCase4" time="0.002" classname="assessment2.task1"/>
  <testcase name="testCase2" time="0.001" classname="assessment2.task1"/>
  <testcase name="testCase5" time="0.001" classname="assessment2.task1"/>
  <testcase name="testCase1" time="0.007" classname="assessment2.task1"/>
</testsuite> <!-- assessment2.task1 -->
