<?xml version="1.0" encoding="UTF-8"?>
<!-- Generated by org.testng.reporters.JUnitReportReporter -->
<testsuite skipped="0" hostname="Bala" name="testNG.Exercise" tests="201" failures="0" timestamp="04 Nov 2017 07:00:25 GMT" time="0.610" errors="0">
  <testcase name="Test2" time="0.005" classname="testNG.Exercise"/>
  <testcase name="Test2" time="0.001" classname="testNG.Exercise"/>
  <testcase name="Test2" time="0.006" classname="testNG.Exercise"/>
  <testcase name="Test2" time="0.001" classname="testNG.Exercise"/>
  <testcase name="Test2" time="0.003" classname="testNG.Exercise"/>
  <testcase name="Test2" time="0.006" classname="testNG.Exercise"/>
  <testcase name="Test2" time="0.002" classname="testNG.Exercise"/>
  <testcase name="Test2" time="0.002" classname="testNG.Exercise"/>
  <testcase name="Test2" time="0.008" classname="testNG.Exercise"/>
  <testcase name="Test2" time="0.001" classname="testNG.Exercise"/>
  <testcase name="Test2" time="0.002" classname="testNG.Exercise"/>
  <testcase name="Test2" time="0.002" classname="testNG.Exercise"/>
  <testcase name="Test2" time="0.003" classname="testNG.Exercise"/>
  <testcase name="Test2" time="0.001" classname="testNG.Exercise"/>
  <testcase name="Test2" time="0.002" classname="testNG.Exercise"/>
  <testcase name="Test2" time="0.003" classname="testNG.Exercise"/>
  <testcase name="Test2" time="0.003" classname="testNG.Exercise"/>
  <testcase name="Test2" time="0.004" classname="testNG.Exercise"/>
  <testcase name="Test2" time="0.004" classname="testNG.Exercise"/>
  <testcase name="Test2" time="0.003" classname="testNG.Exercise"/>
  <testcase name="Test2" time="0.005" classname="testNG.Exercise"/>
  <testcase name="Test2" time="0.020" classname="testNG.Exercise"/>
  <testcase name="Test2" time="0.005" classname="testNG.Exercise"/>
  <testcase name="Test1" time="0.001" classname="testNG.Exercise"/>
  <testcase name="Test2" time="0.002" classname="testNG.Exercise"/>
  <testcase name="Test2" time="0.002" classname="testNG.Exercise"/>
  <testcase name="Test2" time="0.004" classname="testNG.Exercise"/>
  <testcase name="Test2" time="0.001" classname="testNG.Exercise"/>
  <testcase name="Test2" time="0.001" classname="testNG.Exercise"/>
  <testcase name="Test2" time="0.003" classname="testNG.Exercise"/>
  <testcase name="Test2" time="0.003" classname="testNG.Exercise"/>
  <testcase name="Test2" time="0.010" classname="testNG.Exercise"/>
  <testcase name="Test2" time="0.002" classname="testNG.Exercise"/>
  <testcase name="Test2" time="0.002" classname="testNG.Exercise"/>
  <testcase name="Test2" time="0.001" classname="testNG.Exercise"/>
  <testcase name="Test2" time="0.002" classname="testNG.Exercise"/>
  <testcase name="Test2" time="0.002" classname="testNG.Exercise"/>
  <testcase name="Test2" time="0.001" classname="testNG.Exercise"/>
  <testcase name="Test2" time="0.001" classname="testNG.Exercise"/>
  <testcase name="Test2" time="0.002" classname="testNG.Exercise"/>
  <testcase name="Test2" time="0.006" classname="testNG.Exercise"/>
  <testcase name="Test2" time="0.002" classname="testNG.Exercise"/>
  <testcase name="Test2" time="0.006" classname="testNG.Exercise"/>
  <testcase name="Test2" time="0.002" classname="testNG.Exercise"/>
  <testcase name="Test2" time="0.002" classname="testNG.Exercise"/>
  <testcase name="Test2" time="0.004" classname="testNG.Exercise"/>
  <testcase name="Test2" time="0.003" classname="testNG.Exercise"/>
  <testcase name="Test2" time="0.001" classname="testNG.Exercise"/>
  <testcase name="Test2" time="0.004" classname="testNG.Exercise"/>
  <testcase name="Test2" time="0.002" classname="testNG.Exercise"/>
  <testcase name="Test2" time="0.006" classname="testNG.Exercise"/>
  <testcase name="Test2" time="0.002" classname="testNG.Exercise"/>
  <testcase name="Test2" time="0.003" classname="testNG.Exercise"/>
  <testcase name="Test2" time="0.001" classname="testNG.Exercise"/>
  <testcase name="Test2" time="0.007" classname="testNG.Exercise"/>
  <testcase name="Test2" time="0.004" classname="testNG.Exercise"/>
  <testcase name="Test2" time="0.003" classname="testNG.Exercise"/>
  <testcase name="Test2" time="0.003" classname="testNG.Exercise"/>
  <testcase name="Test2" time="0.001" classname="testNG.Exercise"/>
  <testcase name="Test2" time="0.003" classname="testNG.Exercise"/>
  <testcase name="Test2" time="0.003" classname="testNG.Exercise"/>
  <testcase name="Test2" time="0.005" classname="testNG.Exercise"/>
  <testcase name="Test2" time="0.002" classname="testNG.Exercise"/>
  <testcase name="Test2" time="0.001" classname="testNG.Exercise"/>
  <testcase name="Test2" time="0.002" classname="testNG.Exercise"/>
  <testcase name="Test2" time="0.002" classname="testNG.Exercise"/>
  <testcase name="Test2" time="0.005" classname="testNG.Exercise"/>
  <testcase name="Test2" time="0.002" classname="testNG.Exercise"/>
  <testcase name="Test2" time="0.001" classname="testNG.Exercise"/>
  <testcase name="Test2" time="0.003" classname="testNG.Exercise"/>
  <testcase name="Test2" time="0.007" classname="testNG.Exercise"/>
  <testcase name="Test2" time="0.003" classname="testNG.Exercise"/>
  <testcase name="Test2" time="0.003" classname="testNG.Exercise"/>
  <testcase name="Test2" time="0.001" classname="testNG.Exercise"/>
  <testcase name="Test2" time="0.003" classname="testNG.Exercise"/>
  <testcase name="Test2" time="0.001" classname="testNG.Exercise"/>
  <testcase name="Test2" time="0.001" classname="testNG.Exercise"/>
  <testcase name="Test2" time="0.003" classname="testNG.Exercise"/>
  <testcase name="Test2" time="0.001" classname="testNG.Exercise"/>
  <testcase name="Test2" time="0.003" classname="testNG.Exercise"/>
  <testcase name="Test2" time="0.001" classname="testNG.Exercise"/>
  <testcase name="Test2" time="0.001" classname="testNG.Exercise"/>
  <testcase name="Test2" time="0.002" classname="testNG.Exercise"/>
  <testcase name="Test2" time="0.003" classname="testNG.Exercise"/>
  <testcase name="Test2" time="0.002" classname="testNG.Exercise"/>
  <testcase name="Test2" time="0.001" classname="testNG.Exercise"/>
  <testcase name="Test2" time="0.003" classname="testNG.Exercise"/>
  <testcase name="Test2" time="0.003" classname="testNG.Exercise"/>
  <testcase name="Test2" time="0.003" classname="testNG.Exercise"/>
  <testcase name="Test2" time="0.020" classname="testNG.Exercise"/>
  <testcase name="Test2" time="0.002" classname="testNG.Exercise"/>
  <testcase name="Test2" time="0.005" classname="testNG.Exercise"/>
  <testcase name="Test2" time="0.002" classname="testNG.Exercise"/>
  <testcase name="Test2" time="0.001" classname="testNG.Exercise"/>
  <testcase name="Test2" time="0.003" classname="testNG.Exercise"/>
  <testcase name="Test2" time="0.002" classname="testNG.Exercise"/>
  <testcase name="Test2" time="0.020" classname="testNG.Exercise"/>
  <testcase name="Test2" time="0.001" classname="testNG.Exercise"/>
  <testcase name="Test2" time="0.003" classname="testNG.Exercise"/>
  <testcase name="Test2" time="0.001" classname="testNG.Exercise"/>
  <testcase name="Test2" time="0.005" classname="testNG.Exercise"/>
  <testcase name="Test2" time="0.003" classname="testNG.Exercise"/>
  <testcase name="Test2" time="0.002" classname="testNG.Exercise"/>
  <testcase name="Test2" time="0.002" classname="testNG.Exercise"/>
  <testcase name="Test2" time="0.002" classname="testNG.Exercise"/>
  <testcase name="Test2" time="0.003" classname="testNG.Exercise"/>
  <testcase name="Test2" time="0.002" classname="testNG.Exercise"/>
  <testcase name="Test2" time="0.002" classname="testNG.Exercise"/>
  <testcase name="Test2" time="0.001" classname="testNG.Exercise"/>
  <testcase name="Test2" time="0.003" classname="testNG.Exercise"/>
  <testcase name="Test2" time="0.002" classname="testNG.Exercise"/>
  <testcase name="Test2" time="0.001" classname="testNG.Exercise"/>
  <testcase name="Test2" time="0.002" classname="testNG.Exercise"/>
  <testcase name="Test2" time="0.002" classname="testNG.Exercise"/>
  <testcase name="Test2" time="0.003" classname="testNG.Exercise"/>
  <testcase name="Test2" time="0.003" classname="testNG.Exercise"/>
  <testcase name="Test2" time="0.001" classname="testNG.Exercise"/>
  <testcase name="Test2" time="0.003" classname="testNG.Exercise"/>
  <testcase name="Test2" time="0.001" classname="testNG.Exercise"/>
  <testcase name="Test2" time="0.008" classname="testNG.Exercise"/>
  <testcase name="Test2" time="0.002" classname="testNG.Exercise"/>
  <testcase name="Test2" time="0.004" classname="testNG.Exercise"/>
  <testcase name="Test2" time="0.003" classname="testNG.Exercise"/>
  <testcase name="Test2" time="0.002" classname="testNG.Exercise"/>
  <testcase name="Test2" time="0.003" classname="testNG.Exercise"/>
  <testcase name="Test2" time="0.002" classname="testNG.Exercise"/>
  <testcase name="Test2" time="0.001" classname="testNG.Exercise"/>
  <testcase name="Test2" time="0.002" classname="testNG.Exercise"/>
  <testcase name="Test2" time="0.004" classname="testNG.Exercise"/>
  <testcase name="Test2" time="0.001" classname="testNG.Exercise"/>
  <testcase name="Test2" time="0.002" classname="testNG.Exercise"/>
  <testcase name="Test2" time="0.002" classname="testNG.Exercise"/>
  <testcase name="Test2" time="0.005" classname="testNG.Exercise"/>
  <testcase name="Test2" time="0.001" classname="testNG.Exercise"/>
  <testcase name="Test2" time="0.002" classname="testNG.Exercise"/>
  <testcase name="Test2" time="0.001" classname="testNG.Exercise"/>
  <testcase name="Test2" time="0.001" classname="testNG.Exercise"/>
  <testcase name="Test2" time="0.002" classname="testNG.Exercise"/>
  <testcase name="Test2" time="0.006" classname="testNG.Exercise"/>
  <testcase name="Test2" time="0.001" classname="testNG.Exercise"/>
  <testcase name="Test2" time="0.004" classname="testNG.Exercise"/>
  <testcase name="Test2" time="0.003" classname="testNG.Exercise"/>
  <testcase name="Test2" time="0.002" classname="testNG.Exercise"/>
  <testcase name="Test2" time="0.003" classname="testNG.Exercise"/>
  <testcase name="Test2" time="0.006" classname="testNG.Exercise"/>
  <testcase name="Test2" time="0.003" classname="testNG.Exercise"/>
  <testcase name="Test2" time="0.003" classname="testNG.Exercise"/>
  <testcase name="Test2" time="0.002" classname="testNG.Exercise"/>
  <testcase name="Test2" time="0.003" classname="testNG.Exercise"/>
  <testcase name="Test2" time="0.003" classname="testNG.Exercise"/>
  <testcase name="Test2" time="0.002" classname="testNG.Exercise"/>
  <testcase name="Test2" time="0.003" classname="testNG.Exercise"/>
  <testcase name="Test2" time="0.006" classname="testNG.Exercise"/>
  <testcase name="Test2" time="0.003" classname="testNG.Exercise"/>
  <testcase name="Test2" time="0.002" classname="testNG.Exercise"/>
  <testcase name="Test2" time="0.003" classname="testNG.Exercise"/>
  <testcase name="Test2" time="0.004" classname="testNG.Exercise"/>
  <testcase name="Test2" time="0.003" classname="testNG.Exercise"/>
  <testcase name="Test2" time="0.002" classname="testNG.Exercise"/>
  <testcase name="Test2" time="0.006" classname="testNG.Exercise"/>
  <testcase name="Test2" time="0.002" classname="testNG.Exercise"/>
  <testcase name="Test2" time="0.002" classname="testNG.Exercise"/>
  <testcase name="Test2" time="0.003" classname="testNG.Exercise"/>
  <testcase name="Test2" time="0.003" classname="testNG.Exercise"/>
  <testcase name="Test2" time="0.003" classname="testNG.Exercise"/>
  <testcase name="Test2" time="0.001" classname="testNG.Exercise"/>
  <testcase name="Test2" time="0.002" classname="testNG.Exercise"/>
  <testcase name="Test2" time="0.003" classname="testNG.Exercise"/>
  <testcase name="Test2" time="0.002" classname="testNG.Exercise"/>
  <testcase name="Test2" time="0.006" classname="testNG.Exercise"/>
  <testcase name="Test2" time="0.005" classname="testNG.Exercise"/>
  <testcase name="Test2" time="0.001" classname="testNG.Exercise"/>
  <testcase name="Test2" time="0.001" classname="testNG.Exercise"/>
  <testcase name="Test2" time="0.001" classname="testNG.Exercise"/>
  <testcase name="Test2" time="0.003" classname="testNG.Exercise"/>
  <testcase name="Test2" time="0.007" classname="testNG.Exercise"/>
  <testcase name="Test2" time="0.002" classname="testNG.Exercise"/>
  <testcase name="Test2" time="0.003" classname="testNG.Exercise"/>
  <testcase name="Test2" time="0.001" classname="testNG.Exercise"/>
  <testcase name="Test2" time="0.005" classname="testNG.Exercise"/>
  <testcase name="Test2" time="0.003" classname="testNG.Exercise"/>
  <testcase name="Test2" time="0.003" classname="testNG.Exercise"/>
  <testcase name="Test2" time="0.001" classname="testNG.Exercise"/>
  <testcase name="Test2" time="0.003" classname="testNG.Exercise"/>
  <testcase name="Test2" time="0.001" classname="testNG.Exercise"/>
  <testcase name="Test2" time="0.003" classname="testNG.Exercise"/>
  <testcase name="Test2" time="0.005" classname="testNG.Exercise"/>
  <testcase name="Test2" time="0.001" classname="testNG.Exercise"/>
  <testcase name="Test2" time="0.006" classname="testNG.Exercise"/>
  <testcase name="Test2" time="0.003" classname="testNG.Exercise"/>
  <testcase name="Test2" time="0.004" classname="testNG.Exercise"/>
  <testcase name="Test2" time="0.004" classname="testNG.Exercise"/>
  <testcase name="Test2" time="0.002" classname="testNG.Exercise"/>
  <testcase name="Test2" time="0.004" classname="testNG.Exercise"/>
  <testcase name="Test2" time="0.003" classname="testNG.Exercise"/>
  <testcase name="Test2" time="0.001" classname="testNG.Exercise"/>
  <testcase name="Test2" time="0.007" classname="testNG.Exercise"/>
  <testcase name="Test2" time="0.002" classname="testNG.Exercise"/>
  <testcase name="Test2" time="0.001" classname="testNG.Exercise"/>
  <testcase name="Test2" time="0.004" classname="testNG.Exercise"/>
  <testcase name="Test2" time="0.001" classname="testNG.Exercise"/>
</testsuite> <!-- testNG.Exercise -->
