<?xml version="1.0" encoding="UTF-8"?>
<!-- Generated by org.testng.reporters.JUnitReportReporter -->
<testsuite skipped="0" hostname="Bala" name="javaExercise.SimpleTest" tests="2" failures="0" timestamp="14 Aug 2017 02:31:32 GMT" time="0.088" errors="0">
  <testcase name="simpleTest" time="0.084" classname="javaExercise.SimpleTest"/>
  <testcase name="simpleTest" time="0.004" classname="javaExercise.SimpleTest"/>
</testsuite> <!-- javaExercise.SimpleTest -->
