<?xml version="1.0" encoding="UTF-8"?>
<!-- Generated by org.testng.reporters.JUnitReportReporter -->
<testsuite skipped="0" hostname="DESKTOP-U83U5RO" name="assessment2.task3" tests="8" failures="0" timestamp="23 Apr 2020 08:42:10 GMT" time="0.010" errors="0">
  <testcase name="testCase7" time="0.000" classname="assessment2.task3"/>
  <testcase name="testCase6" time="0.005" classname="assessment2.task3"/>
  <testcase name="testCase5" time="0.000" classname="assessment2.task3"/>
  <testcase name="testCase2" time="0.000" classname="assessment2.task3"/>
  <testcase name="testCase9" time="0.005" classname="assessment2.task3"/>
  <testcase name="testcase8" time="0.000" classname="assessment2.task3"/>
  <testcase name="testCase1" time="0.000" classname="assessment2.task3"/>
  <testcase name="testCase3" time="0.000" classname="assessment2.task3"/>
</testsuite> <!-- assessment2.task3 -->
