<?xml version="1.0" encoding="UTF-8"?>
<!-- Generated by org.testng.reporters.JUnitReportReporter -->
<testsuite skipped="1" hostname="Bala" name="testNG.EditLead" tests="1" failures="0" timestamp="04 Nov 2017 06:35:38 GMT" time="0.000" errors="0">
  <testcase name="editLead" time="0.000" classname="testNG.EditLead">
    <skipped/>
  </testcase> <!-- editLead -->
</testsuite> <!-- testNG.EditLead -->
